{"C:\\Users\\johal\\OneDrive\\Desktop\\vidly\\index.js": {"path":"C:\\Users\\johal\\OneDrive\\Desktop\\vidly\\index.js","statementMap":{"0":{"start":{"line":1,"column":14},"end":{"line":1,"column":32}},"1":{"start":{"line":2,"column":16},"end":{"line":2,"column":34}},"2":{"start":{"line":3,"column":12},"end":{"line":3,"column":21}},"3":{"start":{"line":4,"column":0},"end":{"line":4,"column":31}},"4":{"start":{"line":5,"column":0},"end":{"line":5,"column":33}},"5":{"start":{"line":6,"column":0},"end":{"line":6,"column":26}},"6":{"start":{"line":7,"column":0},"end":{"line":7,"column":30}},"7":{"start":{"line":8,"column":0},"end":{"line":8,"column":32}},"8":{"start":{"line":10,"column":13},"end":{"line":10,"column":37}},"9":{"start":{"line":11,"column":13},"end":{"line":11,"column":81}},"10":{"start":{"line":11,"column":36},"end":{"line":11,"column":80}},"11":{"start":{"line":12,"column":0},"end":{"line":12,"column":22}}},"fnMap":{"0":{"name":"(anonymous_0)","decl":{"start":{"line":11,"column":30},"end":{"line":11,"column":31}},"loc":{"start":{"line":11,"column":36},"end":{"line":11,"column":80}},"line":11}},"branchMap":{"0":{"loc":{"start":{"line":10,"column":13},"end":{"line":10,"column":37}},"type":"binary-expr","locations":[{"start":{"line":10,"column":13},"end":{"line":10,"column":29}},{"start":{"line":10,"column":33},"end":{"line":10,"column":37}}],"line":10}},"s":{"0":3,"1":3,"2":3,"3":3,"4":3,"5":3,"6":3,"7":3,"8":3,"9":3,"10":3,"11":3},"f":{"0":3},"b":{"0":[3,3]},"_coverageSchema":"1a1c01bbd47fc00a2c39e90264f33305004495a9","hash":"69d9595cea031a30e2983a73d6ac35f9c03eccf1"}
,"C:\\Users\\johal\\OneDrive\\Desktop\\vidly\\middleware\\admin.js": {"path":"C:\\Users\\johal\\OneDrive\\Desktop\\vidly\\middleware\\admin.js","statementMap":{"0":{"start":{"line":1,"column":0},"end":{"line":4,"column":1}},"1":{"start":{"line":2,"column":1},"end":{"line":2,"column":70}},"2":{"start":{"line":2,"column":23},"end":{"line":2,"column":70}},"3":{"start":{"line":3,"column":1},"end":{"line":3,"column":8}}},"fnMap":{"0":{"name":"(anonymous_0)","decl":{"start":{"line":1,"column":15},"end":{"line":1,"column":16}},"loc":{"start":{"line":1,"column":37},"end":{"line":4,"column":1}},"line":1}},"branchMap":{"0":{"loc":{"start":{"line":2,"column":1},"end":{"line":2,"column":70}},"type":"if","locations":[{"start":{"line":2,"column":1},"end":{"line":2,"column":70}},{"start":{},"end":{}}],"line":2}},"s":{"0":3,"1":0,"2":0,"3":0},"f":{"0":0},"b":{"0":[0,0]},"_coverageSchema":"1a1c01bbd47fc00a2c39e90264f33305004495a9","hash":"1c51049f720f8dfe87eab3143124bd5686241b4c"}
,"C:\\Users\\johal\\OneDrive\\Desktop\\vidly\\middleware\\async.js": {"path":"C:\\Users\\johal\\OneDrive\\Desktop\\vidly\\middleware\\async.js","statementMap":{"0":{"start":{"line":1,"column":0},"end":{"line":10,"column":1}},"1":{"start":{"line":2,"column":0},"end":{"line":9,"column":1}},"2":{"start":{"line":3,"column":0},"end":{"line":8,"column":1}},"3":{"start":{"line":4,"column":2},"end":{"line":4,"column":25}},"4":{"start":{"line":7,"column":2},"end":{"line":7,"column":11}}},"fnMap":{"0":{"name":"asyncMiddleware","decl":{"start":{"line":1,"column":24},"end":{"line":1,"column":39}},"loc":{"start":{"line":1,"column":48},"end":{"line":10,"column":1}},"line":1},"1":{"name":"(anonymous_1)","decl":{"start":{"line":2,"column":7},"end":{"line":2,"column":8}},"loc":{"start":{"line":2,"column":28},"end":{"line":9,"column":1}},"line":2}},"branchMap":{},"s":{"0":3,"1":15,"2":7,"3":7,"4":0},"f":{"0":15,"1":7},"b":{},"_coverageSchema":"1a1c01bbd47fc00a2c39e90264f33305004495a9","hash":"2eb888d1b17eea22ff7ecdf615dd81d9be3b6299"}
,"C:\\Users\\johal\\OneDrive\\Desktop\\vidly\\middleware\\auth.js": {"path":"C:\\Users\\johal\\OneDrive\\Desktop\\vidly\\middleware\\auth.js","statementMap":{"0":{"start":{"line":1,"column":10},"end":{"line":1,"column":33}},"1":{"start":{"line":2,"column":13},"end":{"line":2,"column":30}},"2":{"start":{"line":4,"column":14},"end":{"line":4,"column":40}},"3":{"start":{"line":5,"column":2},"end":{"line":5,"column":77}},"4":{"start":{"line":5,"column":13},"end":{"line":5,"column":77}},"5":{"start":{"line":6,"column":2},"end":{"line":13,"column":3}},"6":{"start":{"line":7,"column":18},"end":{"line":7,"column":63}},"7":{"start":{"line":8,"column":4},"end":{"line":8,"column":21}},"8":{"start":{"line":9,"column":4},"end":{"line":9,"column":11}},"9":{"start":{"line":12,"column":4},"end":{"line":12,"column":42}},"10":{"start":{"line":16,"column":0},"end":{"line":16,"column":20}}},"fnMap":{"0":{"name":"auth","decl":{"start":{"line":3,"column":9},"end":{"line":3,"column":13}},"loc":{"start":{"line":3,"column":27},"end":{"line":14,"column":1}},"line":3}},"branchMap":{"0":{"loc":{"start":{"line":5,"column":2},"end":{"line":5,"column":77}},"type":"if","locations":[{"start":{"line":5,"column":2},"end":{"line":5,"column":77}},{"start":{},"end":{}}],"line":5}},"s":{"0":4,"1":4,"2":9,"3":9,"4":2,"5":7,"6":7,"7":6,"8":6,"9":1,"10":4},"f":{"0":9},"b":{"0":[2,7]},"_coverageSchema":"1a1c01bbd47fc00a2c39e90264f33305004495a9","hash":"8950d8b8744b37abab71079ccbab71211a6b3fe3"}
,"C:\\Users\\johal\\OneDrive\\Desktop\\vidly\\middleware\\error.js": {"path":"C:\\Users\\johal\\OneDrive\\Desktop\\vidly\\middleware\\error.js","statementMap":{"0":{"start":{"line":1,"column":14},"end":{"line":1,"column":32}},"1":{"start":{"line":2,"column":0},"end":{"line":5,"column":1}},"2":{"start":{"line":3,"column":2},"end":{"line":3,"column":33}},"3":{"start":{"line":4,"column":2},"end":{"line":4,"column":42}}},"fnMap":{"0":{"name":"(anonymous_0)","decl":{"start":{"line":2,"column":15},"end":{"line":2,"column":16}},"loc":{"start":{"line":2,"column":41},"end":{"line":5,"column":1}},"line":2}},"branchMap":{},"s":{"0":3,"1":3,"2":0,"3":0},"f":{"0":0},"b":{},"_coverageSchema":"1a1c01bbd47fc00a2c39e90264f33305004495a9","hash":"d4e895c1a51c87863d8f6578c504b735b56fec0b"}
,"C:\\Users\\johal\\OneDrive\\Desktop\\vidly\\middleware\\validate.js": {"path":"C:\\Users\\johal\\OneDrive\\Desktop\\vidly\\middleware\\validate.js","statementMap":{"0":{"start":{"line":1,"column":0},"end":{"line":7,"column":1}},"1":{"start":{"line":2,"column":2},"end":{"line":6,"column":3}},"2":{"start":{"line":3,"column":22},"end":{"line":3,"column":41}},"3":{"start":{"line":4,"column":4},"end":{"line":4,"column":69}},"4":{"start":{"line":4,"column":15},"end":{"line":4,"column":69}},"5":{"start":{"line":5,"column":4},"end":{"line":5,"column":11}}},"fnMap":{"0":{"name":"(anonymous_0)","decl":{"start":{"line":1,"column":15},"end":{"line":1,"column":16}},"loc":{"start":{"line":1,"column":28},"end":{"line":7,"column":1}},"line":1},"1":{"name":"(anonymous_1)","decl":{"start":{"line":2,"column":9},"end":{"line":2,"column":10}},"loc":{"start":{"line":2,"column":25},"end":{"line":6,"column":3}},"line":2}},"branchMap":{"0":{"loc":{"start":{"line":4,"column":4},"end":{"line":4,"column":69}},"type":"if","locations":[{"start":{"line":4,"column":4},"end":{"line":4,"column":69}},{"start":{},"end":{}}],"line":4}},"s":{"0":3,"1":3,"2":0,"3":0,"4":0,"5":0},"f":{"0":3,"1":0},"b":{"0":[0,0]},"_coverageSchema":"1a1c01bbd47fc00a2c39e90264f33305004495a9","hash":"164b839a5aac6dd25da3689580e4334cc0852a18"}
,"C:\\Users\\johal\\OneDrive\\Desktop\\vidly\\middleware\\validatingObjectId.js": {"path":"C:\\Users\\johal\\OneDrive\\Desktop\\vidly\\middleware\\validatingObjectId.js","statementMap":{"0":{"start":{"line":1,"column":15},"end":{"line":1,"column":34}},"1":{"start":{"line":2,"column":0},"end":{"line":8,"column":1}},"2":{"start":{"line":3,"column":2},"end":{"line":6,"column":3}},"3":{"start":{"line":5,"column":4},"end":{"line":5,"column":46}},"4":{"start":{"line":7,"column":2},"end":{"line":7,"column":9}}},"fnMap":{"0":{"name":"(anonymous_0)","decl":{"start":{"line":2,"column":15},"end":{"line":2,"column":16}},"loc":{"start":{"line":2,"column":37},"end":{"line":8,"column":1}},"line":2}},"branchMap":{"0":{"loc":{"start":{"line":3,"column":2},"end":{"line":6,"column":3}},"type":"if","locations":[{"start":{"line":3,"column":2},"end":{"line":6,"column":3}},{"start":{},"end":{}}],"line":3}},"s":{"0":3,"1":3,"2":2,"3":1,"4":1},"f":{"0":2},"b":{"0":[1,1]},"_coverageSchema":"1a1c01bbd47fc00a2c39e90264f33305004495a9","hash":"4180e8e431124b9f961f39beefeb3a325c74e857"}
,"C:\\Users\\johal\\OneDrive\\Desktop\\vidly\\models\\customer.js": {"path":"C:\\Users\\johal\\OneDrive\\Desktop\\vidly\\models\\customer.js","statementMap":{"0":{"start":{"line":1,"column":12},"end":{"line":1,"column":26}},"1":{"start":{"line":2,"column":17},"end":{"line":2,"column":36}},"2":{"start":{"line":4,"column":17},"end":{"line":21,"column":3}},"3":{"start":{"line":24,"column":17},"end":{"line":28,"column":3}},"4":{"start":{"line":30,"column":2},"end":{"line":30,"column":40}},"5":{"start":{"line":33,"column":0},"end":{"line":33,"column":28}},"6":{"start":{"line":34,"column":0},"end":{"line":34,"column":36}}},"fnMap":{"0":{"name":"validateCustomer","decl":{"start":{"line":23,"column":9},"end":{"line":23,"column":25}},"loc":{"start":{"line":23,"column":36},"end":{"line":31,"column":1}},"line":23}},"branchMap":{},"s":{"0":3,"1":3,"2":3,"3":0,"4":0,"5":3,"6":3},"f":{"0":0},"b":{},"_coverageSchema":"1a1c01bbd47fc00a2c39e90264f33305004495a9","hash":"e3a9b9173e317e742ced28553956293538034436"}
,"C:\\Users\\johal\\OneDrive\\Desktop\\vidly\\models\\genre.js": {"path":"C:\\Users\\johal\\OneDrive\\Desktop\\vidly\\models\\genre.js","statementMap":{"0":{"start":{"line":1,"column":12},"end":{"line":1,"column":26}},"1":{"start":{"line":2,"column":17},"end":{"line":2,"column":36}},"2":{"start":{"line":4,"column":20},"end":{"line":11,"column":2}},"3":{"start":{"line":13,"column":14},"end":{"line":13,"column":50}},"4":{"start":{"line":16,"column":17},"end":{"line":18,"column":3}},"5":{"start":{"line":20,"column":2},"end":{"line":20,"column":37}},"6":{"start":{"line":23,"column":0},"end":{"line":23,"column":34}},"7":{"start":{"line":24,"column":0},"end":{"line":24,"column":22}},"8":{"start":{"line":25,"column":0},"end":{"line":25,"column":33}}},"fnMap":{"0":{"name":"validateGenre","decl":{"start":{"line":15,"column":9},"end":{"line":15,"column":22}},"loc":{"start":{"line":15,"column":30},"end":{"line":21,"column":1}},"line":15}},"branchMap":{},"s":{"0":3,"1":3,"2":3,"3":3,"4":5,"5":5,"6":3,"7":3,"8":3},"f":{"0":5},"b":{},"_coverageSchema":"1a1c01bbd47fc00a2c39e90264f33305004495a9","hash":"b7820bbcacff3e8481df7f2b26a1de49280a52fc"}
,"C:\\Users\\johal\\OneDrive\\Desktop\\vidly\\models\\movie.js": {"path":"C:\\Users\\johal\\OneDrive\\Desktop\\vidly\\models\\movie.js","statementMap":{"0":{"start":{"line":1,"column":12},"end":{"line":1,"column":26}},"1":{"start":{"line":2,"column":17},"end":{"line":2,"column":36}},"2":{"start":{"line":3,"column":22},"end":{"line":3,"column":40}},"3":{"start":{"line":5,"column":14},"end":{"line":29,"column":3}},"4":{"start":{"line":32,"column":17},"end":{"line":37,"column":3}},"5":{"start":{"line":39,"column":2},"end":{"line":39,"column":37}},"6":{"start":{"line":42,"column":0},"end":{"line":42,"column":22}},"7":{"start":{"line":43,"column":0},"end":{"line":43,"column":33}}},"fnMap":{"0":{"name":"validateMovie","decl":{"start":{"line":31,"column":9},"end":{"line":31,"column":22}},"loc":{"start":{"line":31,"column":30},"end":{"line":40,"column":1}},"line":31}},"branchMap":{},"s":{"0":3,"1":3,"2":3,"3":3,"4":0,"5":0,"6":3,"7":3},"f":{"0":0},"b":{},"_coverageSchema":"1a1c01bbd47fc00a2c39e90264f33305004495a9","hash":"b3cac4a344648a3dc53068e9019a864a9f078796"}
,"C:\\Users\\johal\\OneDrive\\Desktop\\vidly\\models\\rental.js": {"path":"C:\\Users\\johal\\OneDrive\\Desktop\\vidly\\models\\rental.js","statementMap":{"0":{"start":{"line":1,"column":15},"end":{"line":1,"column":34}},"1":{"start":{"line":2,"column":10},"end":{"line":2,"column":24}},"2":{"start":{"line":3,"column":13},"end":{"line":3,"column":30}},"3":{"start":{"line":4,"column":19},"end":{"line":56,"column":2}},"4":{"start":{"line":57,"column":0},"end":{"line":62,"column":1}},"5":{"start":{"line":58,"column":2},"end":{"line":61,"column":5}},"6":{"start":{"line":63,"column":0},"end":{"line":66,"column":1}},"7":{"start":{"line":64,"column":2},"end":{"line":64,"column":31}},"8":{"start":{"line":65,"column":2},"end":{"line":65,"column":79}},"9":{"start":{"line":67,"column":13},"end":{"line":67,"column":51}},"10":{"start":{"line":69,"column":15},"end":{"line":72,"column":3}},"11":{"start":{"line":73,"column":2},"end":{"line":73,"column":37}},"12":{"start":{"line":75,"column":0},"end":{"line":75,"column":22}},"13":{"start":{"line":76,"column":0},"end":{"line":76,"column":38}}},"fnMap":{"0":{"name":"(anonymous_0)","decl":{"start":{"line":57,"column":28},"end":{"line":57,"column":29}},"loc":{"start":{"line":57,"column":56},"end":{"line":62,"column":1}},"line":57},"1":{"name":"(anonymous_1)","decl":{"start":{"line":63,"column":28},"end":{"line":63,"column":29}},"loc":{"start":{"line":63,"column":38},"end":{"line":66,"column":1}},"line":63},"2":{"name":"validateRental","decl":{"start":{"line":68,"column":9},"end":{"line":68,"column":23}},"loc":{"start":{"line":68,"column":31},"end":{"line":74,"column":1}},"line":68}},"branchMap":{},"s":{"0":3,"1":3,"2":3,"3":3,"4":3,"5":0,"6":3,"7":0,"8":0,"9":3,"10":0,"11":0,"12":3,"13":3},"f":{"0":0,"1":0,"2":0},"b":{},"_coverageSchema":"1a1c01bbd47fc00a2c39e90264f33305004495a9","hash":"d3d50c8fb934543299722d5f7ca093d9466e960a"}
,"C:\\Users\\johal\\OneDrive\\Desktop\\vidly\\models\\user.js": {"path":"C:\\Users\\johal\\OneDrive\\Desktop\\vidly\\models\\user.js","statementMap":{"0":{"start":{"line":1,"column":10},"end":{"line":1,"column":33}},"1":{"start":{"line":2,"column":13},"end":{"line":2,"column":30}},"2":{"start":{"line":3,"column":12},"end":{"line":3,"column":26}},"3":{"start":{"line":4,"column":17},"end":{"line":4,"column":36}},"4":{"start":{"line":5,"column":16},"end":{"line":5,"column":48}},"5":{"start":{"line":6,"column":17},"end":{"line":27,"column":2}},"6":{"start":{"line":28,"column":0},"end":{"line":31,"column":1}},"7":{"start":{"line":29,"column":13},"end":{"line":29,"column":86}},"8":{"start":{"line":30,"column":1},"end":{"line":30,"column":14}},"9":{"start":{"line":32,"column":13},"end":{"line":32,"column":47}},"10":{"start":{"line":35,"column":17},"end":{"line":39,"column":3}},"11":{"start":{"line":41,"column":2},"end":{"line":41,"column":36}},"12":{"start":{"line":44,"column":0},"end":{"line":44,"column":20}},"13":{"start":{"line":45,"column":0},"end":{"line":45,"column":36}}},"fnMap":{"0":{"name":"(anonymous_0)","decl":{"start":{"line":28,"column":37},"end":{"line":28,"column":38}},"loc":{"start":{"line":28,"column":47},"end":{"line":31,"column":1}},"line":28},"1":{"name":"validateUser","decl":{"start":{"line":34,"column":9},"end":{"line":34,"column":21}},"loc":{"start":{"line":34,"column":28},"end":{"line":42,"column":1}},"line":34}},"branchMap":{},"s":{"0":5,"1":5,"2":5,"3":5,"4":5,"5":5,"6":5,"7":20,"8":20,"9":5,"10":0,"11":0,"12":5,"13":5},"f":{"0":20,"1":0},"b":{},"_coverageSchema":"1a1c01bbd47fc00a2c39e90264f33305004495a9","hash":"47a614de10930b8237e56645aecead55df96b492"}
,"C:\\Users\\johal\\OneDrive\\Desktop\\vidly\\routes\\auth.js": {"path":"C:\\Users\\johal\\OneDrive\\Desktop\\vidly\\routes\\auth.js","statementMap":{"0":{"start":{"line":1,"column":14},"end":{"line":1,"column":31}},"1":{"start":{"line":2,"column":15},"end":{"line":2,"column":40}},"2":{"start":{"line":3,"column":8},"end":{"line":3,"column":25}},"3":{"start":{"line":4,"column":16},"end":{"line":4,"column":34}},"4":{"start":{"line":5,"column":15},"end":{"line":5,"column":31}},"5":{"start":{"line":6,"column":11},"end":{"line":6,"column":25}},"6":{"start":{"line":8,"column":0},"end":{"line":17,"column":3}},"7":{"start":{"line":9,"column":20},"end":{"line":9,"column":38}},"8":{"start":{"line":10,"column":2},"end":{"line":10,"column":67}},"9":{"start":{"line":10,"column":13},"end":{"line":10,"column":67}},"10":{"start":{"line":11,"column":11},"end":{"line":11,"column":53}},"11":{"start":{"line":12,"column":2},"end":{"line":12,"column":69}},"12":{"start":{"line":12,"column":12},"end":{"line":12,"column":69}},"13":{"start":{"line":13,"column":15},"end":{"line":13,"column":68}},"14":{"start":{"line":14,"column":2},"end":{"line":14,"column":73}},"15":{"start":{"line":14,"column":16},"end":{"line":14,"column":73}},"16":{"start":{"line":15,"column":14},"end":{"line":15,"column":38}},"17":{"start":{"line":16,"column":2},"end":{"line":16,"column":18}},"18":{"start":{"line":20,"column":15},"end":{"line":23,"column":3}},"19":{"start":{"line":24,"column":2},"end":{"line":24,"column":34}},"20":{"start":{"line":26,"column":0},"end":{"line":26,"column":24}}},"fnMap":{"0":{"name":"(anonymous_0)","decl":{"start":{"line":8,"column":17},"end":{"line":8,"column":18}},"loc":{"start":{"line":8,"column":37},"end":{"line":17,"column":1}},"line":8},"1":{"name":"validate","decl":{"start":{"line":19,"column":9},"end":{"line":19,"column":17}},"loc":{"start":{"line":19,"column":22},"end":{"line":25,"column":1}},"line":19}},"branchMap":{"0":{"loc":{"start":{"line":10,"column":2},"end":{"line":10,"column":67}},"type":"if","locations":[{"start":{"line":10,"column":2},"end":{"line":10,"column":67}},{"start":{},"end":{}}],"line":10},"1":{"loc":{"start":{"line":12,"column":2},"end":{"line":12,"column":69}},"type":"if","locations":[{"start":{"line":12,"column":2},"end":{"line":12,"column":69}},{"start":{},"end":{}}],"line":12},"2":{"loc":{"start":{"line":14,"column":2},"end":{"line":14,"column":73}},"type":"if","locations":[{"start":{"line":14,"column":2},"end":{"line":14,"column":73}},{"start":{},"end":{}}],"line":14}},"s":{"0":3,"1":3,"2":3,"3":3,"4":3,"5":3,"6":3,"7":0,"8":0,"9":0,"10":0,"11":0,"12":0,"13":0,"14":0,"15":0,"16":0,"17":0,"18":0,"19":0,"20":3},"f":{"0":0,"1":0},"b":{"0":[0,0],"1":[0,0],"2":[0,0]},"_coverageSchema":"1a1c01bbd47fc00a2c39e90264f33305004495a9","hash":"72dbe515c042e8a426ac004f1bb8dffe5849a65c"}
,"C:\\Users\\johal\\OneDrive\\Desktop\\vidly\\routes\\customers.js": {"path":"C:\\Users\\johal\\OneDrive\\Desktop\\vidly\\routes\\customers.js","statementMap":{"0":{"start":{"line":1,"column":29},"end":{"line":1,"column":58}},"1":{"start":{"line":2,"column":17},"end":{"line":2,"column":36}},"2":{"start":{"line":3,"column":16},"end":{"line":3,"column":34}},"3":{"start":{"line":4,"column":15},"end":{"line":4,"column":31}},"4":{"start":{"line":6,"column":0},"end":{"line":9,"column":3}},"5":{"start":{"line":7,"column":20},"end":{"line":7,"column":54}},"6":{"start":{"line":8,"column":2},"end":{"line":8,"column":22}},"7":{"start":{"line":11,"column":0},"end":{"line":23,"column":3}},"8":{"start":{"line":12,"column":20},"end":{"line":12,"column":38}},"9":{"start":{"line":13,"column":2},"end":{"line":13,"column":67}},"10":{"start":{"line":13,"column":13},"end":{"line":13,"column":67}},"11":{"start":{"line":15,"column":17},"end":{"line":19,"column":4}},"12":{"start":{"line":20,"column":2},"end":{"line":20,"column":35}},"13":{"start":{"line":22,"column":2},"end":{"line":22,"column":21}},"14":{"start":{"line":25,"column":0},"end":{"line":39,"column":3}},"15":{"start":{"line":26,"column":20},"end":{"line":26,"column":38}},"16":{"start":{"line":27,"column":2},"end":{"line":27,"column":67}},"17":{"start":{"line":27,"column":13},"end":{"line":27,"column":67}},"18":{"start":{"line":29,"column":19},"end":{"line":34,"column":21}},"19":{"start":{"line":36,"column":2},"end":{"line":36,"column":94}},"20":{"start":{"line":36,"column":17},"end":{"line":36,"column":94}},"21":{"start":{"line":38,"column":2},"end":{"line":38,"column":21}},"22":{"start":{"line":41,"column":0},"end":{"line":47,"column":3}},"23":{"start":{"line":42,"column":19},"end":{"line":42,"column":66}},"24":{"start":{"line":44,"column":2},"end":{"line":44,"column":94}},"25":{"start":{"line":44,"column":17},"end":{"line":44,"column":94}},"26":{"start":{"line":46,"column":2},"end":{"line":46,"column":21}},"27":{"start":{"line":49,"column":0},"end":{"line":55,"column":3}},"28":{"start":{"line":50,"column":19},"end":{"line":50,"column":57}},"29":{"start":{"line":52,"column":2},"end":{"line":52,"column":94}},"30":{"start":{"line":52,"column":17},"end":{"line":52,"column":94}},"31":{"start":{"line":54,"column":2},"end":{"line":54,"column":21}},"32":{"start":{"line":57,"column":0},"end":{"line":57,"column":24}}},"fnMap":{"0":{"name":"(anonymous_0)","decl":{"start":{"line":6,"column":16},"end":{"line":6,"column":17}},"loc":{"start":{"line":6,"column":36},"end":{"line":9,"column":1}},"line":6},"1":{"name":"(anonymous_1)","decl":{"start":{"line":11,"column":17},"end":{"line":11,"column":18}},"loc":{"start":{"line":11,"column":37},"end":{"line":23,"column":1}},"line":11},"2":{"name":"(anonymous_2)","decl":{"start":{"line":25,"column":19},"end":{"line":25,"column":20}},"loc":{"start":{"line":25,"column":39},"end":{"line":39,"column":1}},"line":25},"3":{"name":"(anonymous_3)","decl":{"start":{"line":41,"column":22},"end":{"line":41,"column":23}},"loc":{"start":{"line":41,"column":42},"end":{"line":47,"column":1}},"line":41},"4":{"name":"(anonymous_4)","decl":{"start":{"line":49,"column":19},"end":{"line":49,"column":20}},"loc":{"start":{"line":49,"column":39},"end":{"line":55,"column":1}},"line":49}},"branchMap":{"0":{"loc":{"start":{"line":13,"column":2},"end":{"line":13,"column":67}},"type":"if","locations":[{"start":{"line":13,"column":2},"end":{"line":13,"column":67}},{"start":{},"end":{}}],"line":13},"1":{"loc":{"start":{"line":27,"column":2},"end":{"line":27,"column":67}},"type":"if","locations":[{"start":{"line":27,"column":2},"end":{"line":27,"column":67}},{"start":{},"end":{}}],"line":27},"2":{"loc":{"start":{"line":36,"column":2},"end":{"line":36,"column":94}},"type":"if","locations":[{"start":{"line":36,"column":2},"end":{"line":36,"column":94}},{"start":{},"end":{}}],"line":36},"3":{"loc":{"start":{"line":44,"column":2},"end":{"line":44,"column":94}},"type":"if","locations":[{"start":{"line":44,"column":2},"end":{"line":44,"column":94}},{"start":{},"end":{}}],"line":44},"4":{"loc":{"start":{"line":52,"column":2},"end":{"line":52,"column":94}},"type":"if","locations":[{"start":{"line":52,"column":2},"end":{"line":52,"column":94}},{"start":{},"end":{}}],"line":52}},"s":{"0":3,"1":3,"2":3,"3":3,"4":3,"5":0,"6":0,"7":3,"8":0,"9":0,"10":0,"11":0,"12":0,"13":0,"14":3,"15":0,"16":0,"17":0,"18":0,"19":0,"20":0,"21":0,"22":3,"23":0,"24":0,"25":0,"26":0,"27":3,"28":0,"29":0,"30":0,"31":0,"32":3},"f":{"0":0,"1":0,"2":0,"3":0,"4":0},"b":{"0":[0,0],"1":[0,0],"2":[0,0],"3":[0,0],"4":[0,0]},"_coverageSchema":"1a1c01bbd47fc00a2c39e90264f33305004495a9","hash":"d3fb540d6531397adaf3e432f59ecafce45f9899"}
,"C:\\Users\\johal\\OneDrive\\Desktop\\vidly\\routes\\genres.js": {"path":"C:\\Users\\johal\\OneDrive\\Desktop\\vidly\\routes\\genres.js","statementMap":{"0":{"start":{"line":1,"column":23},"end":{"line":1,"column":66}},"1":{"start":{"line":2,"column":22},"end":{"line":2,"column":52}},"2":{"start":{"line":3,"column":11},"end":{"line":3,"column":40}},"3":{"start":{"line":4,"column":12},"end":{"line":4,"column":42}},"4":{"start":{"line":5,"column":26},"end":{"line":5,"column":52}},"5":{"start":{"line":6,"column":17},"end":{"line":6,"column":36}},"6":{"start":{"line":7,"column":16},"end":{"line":7,"column":34}},"7":{"start":{"line":8,"column":15},"end":{"line":8,"column":31}},"8":{"start":{"line":10,"column":0},"end":{"line":14,"column":4}},"9":{"start":{"line":12,"column":19},"end":{"line":12,"column":50}},"10":{"start":{"line":13,"column":4},"end":{"line":13,"column":21}},"11":{"start":{"line":16,"column":0},"end":{"line":24,"column":4}},"12":{"start":{"line":17,"column":20},"end":{"line":17,"column":38}},"13":{"start":{"line":18,"column":2},"end":{"line":18,"column":67}},"14":{"start":{"line":18,"column":13},"end":{"line":18,"column":67}},"15":{"start":{"line":20,"column":14},"end":{"line":20,"column":48}},"16":{"start":{"line":21,"column":2},"end":{"line":21,"column":29}},"17":{"start":{"line":23,"column":2},"end":{"line":23,"column":18}},"18":{"start":{"line":26,"column":0},"end":{"line":37,"column":4}},"19":{"start":{"line":27,"column":20},"end":{"line":27,"column":38}},"20":{"start":{"line":28,"column":2},"end":{"line":28,"column":67}},"21":{"start":{"line":28,"column":13},"end":{"line":28,"column":67}},"22":{"start":{"line":30,"column":16},"end":{"line":32,"column":4}},"23":{"start":{"line":34,"column":2},"end":{"line":34,"column":88}},"24":{"start":{"line":34,"column":14},"end":{"line":34,"column":88}},"25":{"start":{"line":36,"column":2},"end":{"line":36,"column":18}},"26":{"start":{"line":39,"column":0},"end":{"line":45,"column":4}},"27":{"start":{"line":40,"column":16},"end":{"line":40,"column":60}},"28":{"start":{"line":42,"column":2},"end":{"line":42,"column":88}},"29":{"start":{"line":42,"column":14},"end":{"line":42,"column":88}},"30":{"start":{"line":44,"column":2},"end":{"line":44,"column":18}},"31":{"start":{"line":47,"column":0},"end":{"line":53,"column":4}},"32":{"start":{"line":48,"column":16},"end":{"line":48,"column":51}},"33":{"start":{"line":50,"column":2},"end":{"line":50,"column":88}},"34":{"start":{"line":50,"column":14},"end":{"line":50,"column":88}},"35":{"start":{"line":52,"column":2},"end":{"line":52,"column":18}},"36":{"start":{"line":55,"column":0},"end":{"line":55,"column":24}}},"fnMap":{"0":{"name":"(anonymous_0)","decl":{"start":{"line":10,"column":31},"end":{"line":10,"column":32}},"loc":{"start":{"line":10,"column":56},"end":{"line":14,"column":1}},"line":10},"1":{"name":"(anonymous_1)","decl":{"start":{"line":16,"column":38},"end":{"line":16,"column":39}},"loc":{"start":{"line":16,"column":58},"end":{"line":24,"column":1}},"line":16},"2":{"name":"(anonymous_2)","decl":{"start":{"line":26,"column":35},"end":{"line":26,"column":36}},"loc":{"start":{"line":26,"column":55},"end":{"line":37,"column":1}},"line":26},"3":{"name":"(anonymous_3)","decl":{"start":{"line":39,"column":51},"end":{"line":39,"column":52}},"loc":{"start":{"line":39,"column":71},"end":{"line":45,"column":1}},"line":39},"4":{"name":"(anonymous_4)","decl":{"start":{"line":47,"column":52},"end":{"line":47,"column":53}},"loc":{"start":{"line":47,"column":72},"end":{"line":53,"column":1}},"line":47}},"branchMap":{"0":{"loc":{"start":{"line":18,"column":2},"end":{"line":18,"column":67}},"type":"if","locations":[{"start":{"line":18,"column":2},"end":{"line":18,"column":67}},{"start":{},"end":{}}],"line":18},"1":{"loc":{"start":{"line":28,"column":2},"end":{"line":28,"column":67}},"type":"if","locations":[{"start":{"line":28,"column":2},"end":{"line":28,"column":67}},{"start":{},"end":{}}],"line":28},"2":{"loc":{"start":{"line":34,"column":2},"end":{"line":34,"column":88}},"type":"if","locations":[{"start":{"line":34,"column":2},"end":{"line":34,"column":88}},{"start":{},"end":{}}],"line":34},"3":{"loc":{"start":{"line":42,"column":2},"end":{"line":42,"column":88}},"type":"if","locations":[{"start":{"line":42,"column":2},"end":{"line":42,"column":88}},{"start":{},"end":{}}],"line":42},"4":{"loc":{"start":{"line":50,"column":2},"end":{"line":50,"column":88}},"type":"if","locations":[{"start":{"line":50,"column":2},"end":{"line":50,"column":88}},{"start":{},"end":{}}],"line":50}},"s":{"0":3,"1":3,"2":3,"3":3,"4":3,"5":3,"6":3,"7":3,"8":3,"9":1,"10":1,"11":3,"12":5,"13":5,"14":2,"15":3,"16":3,"17":3,"18":3,"19":0,"20":0,"21":0,"22":0,"23":0,"24":0,"25":0,"26":3,"27":0,"28":0,"29":0,"30":0,"31":3,"32":1,"33":1,"34":0,"35":1,"36":3},"f":{"0":1,"1":5,"2":0,"3":0,"4":1},"b":{"0":[2,3],"1":[0,0],"2":[0,0],"3":[0,0],"4":[0,1]},"_coverageSchema":"1a1c01bbd47fc00a2c39e90264f33305004495a9","hash":"06b354814cadb349c9c78efc03d1d617febe631f"}
,"C:\\Users\\johal\\OneDrive\\Desktop\\vidly\\routes\\movies.js": {"path":"C:\\Users\\johal\\OneDrive\\Desktop\\vidly\\routes\\movies.js","statementMap":{"0":{"start":{"line":1,"column":26},"end":{"line":1,"column":52}},"1":{"start":{"line":2,"column":16},"end":{"line":2,"column":42}},"2":{"start":{"line":3,"column":17},"end":{"line":3,"column":36}},"3":{"start":{"line":4,"column":16},"end":{"line":4,"column":34}},"4":{"start":{"line":5,"column":15},"end":{"line":5,"column":31}},"5":{"start":{"line":7,"column":0},"end":{"line":10,"column":3}},"6":{"start":{"line":8,"column":17},"end":{"line":8,"column":48}},"7":{"start":{"line":9,"column":2},"end":{"line":9,"column":19}},"8":{"start":{"line":12,"column":0},"end":{"line":31,"column":3}},"9":{"start":{"line":13,"column":20},"end":{"line":13,"column":38}},"10":{"start":{"line":14,"column":2},"end":{"line":14,"column":67}},"11":{"start":{"line":14,"column":13},"end":{"line":14,"column":67}},"12":{"start":{"line":16,"column":16},"end":{"line":16,"column":54}},"13":{"start":{"line":17,"column":2},"end":{"line":17,"column":60}},"14":{"start":{"line":17,"column":14},"end":{"line":17,"column":60}},"15":{"start":{"line":19,"column":14},"end":{"line":27,"column":4}},"16":{"start":{"line":28,"column":2},"end":{"line":28,"column":29}},"17":{"start":{"line":30,"column":2},"end":{"line":30,"column":18}},"18":{"start":{"line":33,"column":0},"end":{"line":54,"column":3}},"19":{"start":{"line":34,"column":20},"end":{"line":34,"column":38}},"20":{"start":{"line":35,"column":2},"end":{"line":35,"column":67}},"21":{"start":{"line":35,"column":13},"end":{"line":35,"column":67}},"22":{"start":{"line":37,"column":16},"end":{"line":37,"column":54}},"23":{"start":{"line":38,"column":2},"end":{"line":38,"column":60}},"24":{"start":{"line":38,"column":14},"end":{"line":38,"column":60}},"25":{"start":{"line":40,"column":16},"end":{"line":49,"column":21}},"26":{"start":{"line":51,"column":2},"end":{"line":51,"column":88}},"27":{"start":{"line":51,"column":14},"end":{"line":51,"column":88}},"28":{"start":{"line":53,"column":2},"end":{"line":53,"column":18}},"29":{"start":{"line":56,"column":0},"end":{"line":62,"column":3}},"30":{"start":{"line":57,"column":16},"end":{"line":57,"column":60}},"31":{"start":{"line":59,"column":2},"end":{"line":59,"column":88}},"32":{"start":{"line":59,"column":14},"end":{"line":59,"column":88}},"33":{"start":{"line":61,"column":2},"end":{"line":61,"column":18}},"34":{"start":{"line":64,"column":0},"end":{"line":70,"column":3}},"35":{"start":{"line":65,"column":16},"end":{"line":65,"column":51}},"36":{"start":{"line":67,"column":2},"end":{"line":67,"column":88}},"37":{"start":{"line":67,"column":14},"end":{"line":67,"column":88}},"38":{"start":{"line":69,"column":2},"end":{"line":69,"column":18}},"39":{"start":{"line":72,"column":0},"end":{"line":72,"column":24}}},"fnMap":{"0":{"name":"(anonymous_0)","decl":{"start":{"line":7,"column":16},"end":{"line":7,"column":17}},"loc":{"start":{"line":7,"column":36},"end":{"line":10,"column":1}},"line":7},"1":{"name":"(anonymous_1)","decl":{"start":{"line":12,"column":17},"end":{"line":12,"column":18}},"loc":{"start":{"line":12,"column":37},"end":{"line":31,"column":1}},"line":12},"2":{"name":"(anonymous_2)","decl":{"start":{"line":33,"column":19},"end":{"line":33,"column":20}},"loc":{"start":{"line":33,"column":39},"end":{"line":54,"column":1}},"line":33},"3":{"name":"(anonymous_3)","decl":{"start":{"line":56,"column":22},"end":{"line":56,"column":23}},"loc":{"start":{"line":56,"column":42},"end":{"line":62,"column":1}},"line":56},"4":{"name":"(anonymous_4)","decl":{"start":{"line":64,"column":19},"end":{"line":64,"column":20}},"loc":{"start":{"line":64,"column":39},"end":{"line":70,"column":1}},"line":64}},"branchMap":{"0":{"loc":{"start":{"line":14,"column":2},"end":{"line":14,"column":67}},"type":"if","locations":[{"start":{"line":14,"column":2},"end":{"line":14,"column":67}},{"start":{},"end":{}}],"line":14},"1":{"loc":{"start":{"line":17,"column":2},"end":{"line":17,"column":60}},"type":"if","locations":[{"start":{"line":17,"column":2},"end":{"line":17,"column":60}},{"start":{},"end":{}}],"line":17},"2":{"loc":{"start":{"line":35,"column":2},"end":{"line":35,"column":67}},"type":"if","locations":[{"start":{"line":35,"column":2},"end":{"line":35,"column":67}},{"start":{},"end":{}}],"line":35},"3":{"loc":{"start":{"line":38,"column":2},"end":{"line":38,"column":60}},"type":"if","locations":[{"start":{"line":38,"column":2},"end":{"line":38,"column":60}},{"start":{},"end":{}}],"line":38},"4":{"loc":{"start":{"line":51,"column":2},"end":{"line":51,"column":88}},"type":"if","locations":[{"start":{"line":51,"column":2},"end":{"line":51,"column":88}},{"start":{},"end":{}}],"line":51},"5":{"loc":{"start":{"line":59,"column":2},"end":{"line":59,"column":88}},"type":"if","locations":[{"start":{"line":59,"column":2},"end":{"line":59,"column":88}},{"start":{},"end":{}}],"line":59},"6":{"loc":{"start":{"line":67,"column":2},"end":{"line":67,"column":88}},"type":"if","locations":[{"start":{"line":67,"column":2},"end":{"line":67,"column":88}},{"start":{},"end":{}}],"line":67}},"s":{"0":3,"1":3,"2":3,"3":3,"4":3,"5":3,"6":0,"7":0,"8":3,"9":0,"10":0,"11":0,"12":0,"13":0,"14":0,"15":0,"16":0,"17":0,"18":3,"19":0,"20":0,"21":0,"22":0,"23":0,"24":0,"25":0,"26":0,"27":0,"28":0,"29":3,"30":0,"31":0,"32":0,"33":0,"34":3,"35":0,"36":0,"37":0,"38":0,"39":3},"f":{"0":0,"1":0,"2":0,"3":0,"4":0},"b":{"0":[0,0],"1":[0,0],"2":[0,0],"3":[0,0],"4":[0,0],"5":[0,0],"6":[0,0]},"_coverageSchema":"1a1c01bbd47fc00a2c39e90264f33305004495a9","hash":"6887f3c9da07f751290cd78720709f7360af8993"}
,"C:\\Users\\johal\\OneDrive\\Desktop\\vidly\\routes\\rentals.js": {"path":"C:\\Users\\johal\\OneDrive\\Desktop\\vidly\\routes\\rentals.js","statementMap":{"0":{"start":{"line":1,"column":30},"end":{"line":1,"column":57}},"1":{"start":{"line":2,"column":14},"end":{"line":2,"column":40}},"2":{"start":{"line":3,"column":17},"end":{"line":3,"column":46}},"3":{"start":{"line":4,"column":15},"end":{"line":4,"column":34}},"4":{"start":{"line":5,"column":11},"end":{"line":5,"column":26}},"5":{"start":{"line":6,"column":14},"end":{"line":6,"column":32}},"6":{"start":{"line":7,"column":13},"end":{"line":7,"column":29}},"7":{"start":{"line":8,"column":0},"end":{"line":8,"column":20}},"8":{"start":{"line":9,"column":0},"end":{"line":12,"column":3}},"9":{"start":{"line":10,"column":15},"end":{"line":10,"column":34}},"10":{"start":{"line":11,"column":1},"end":{"line":11,"column":19}},"11":{"start":{"line":14,"column":0},"end":{"line":49,"column":3}},"12":{"start":{"line":15,"column":16},"end":{"line":15,"column":40}},"13":{"start":{"line":16,"column":1},"end":{"line":16,"column":65}},"14":{"start":{"line":16,"column":11},"end":{"line":16,"column":65}},"15":{"start":{"line":18,"column":14},"end":{"line":18,"column":52}},"16":{"start":{"line":19,"column":1},"end":{"line":19,"column":60}},"17":{"start":{"line":19,"column":12},"end":{"line":19,"column":60}},"18":{"start":{"line":21,"column":17},"end":{"line":21,"column":61}},"19":{"start":{"line":22,"column":1},"end":{"line":22,"column":66}},"20":{"start":{"line":22,"column":15},"end":{"line":22,"column":66}},"21":{"start":{"line":24,"column":1},"end":{"line":24,"column":80}},"22":{"start":{"line":24,"column":29},"end":{"line":24,"column":80}},"23":{"start":{"line":26,"column":12},"end":{"line":37,"column":3}},"24":{"start":{"line":38,"column":1},"end":{"line":48,"column":2}},"25":{"start":{"line":39,"column":2},"end":{"line":43,"column":20}},"26":{"start":{"line":44,"column":4},"end":{"line":44,"column":21}},"27":{"start":{"line":47,"column":2},"end":{"line":47,"column":39}},"28":{"start":{"line":50,"column":0},"end":{"line":50,"column":24}}},"fnMap":{"0":{"name":"(anonymous_0)","decl":{"start":{"line":9,"column":15},"end":{"line":9,"column":16}},"loc":{"start":{"line":9,"column":31},"end":{"line":12,"column":1}},"line":9},"1":{"name":"(anonymous_1)","decl":{"start":{"line":14,"column":16},"end":{"line":14,"column":17}},"loc":{"start":{"line":14,"column":32},"end":{"line":49,"column":1}},"line":14}},"branchMap":{"0":{"loc":{"start":{"line":16,"column":1},"end":{"line":16,"column":65}},"type":"if","locations":[{"start":{"line":16,"column":1},"end":{"line":16,"column":65}},{"start":{},"end":{}}],"line":16},"1":{"loc":{"start":{"line":19,"column":1},"end":{"line":19,"column":60}},"type":"if","locations":[{"start":{"line":19,"column":1},"end":{"line":19,"column":60}},{"start":{},"end":{}}],"line":19},"2":{"loc":{"start":{"line":22,"column":1},"end":{"line":22,"column":66}},"type":"if","locations":[{"start":{"line":22,"column":1},"end":{"line":22,"column":66}},{"start":{},"end":{}}],"line":22},"3":{"loc":{"start":{"line":24,"column":1},"end":{"line":24,"column":80}},"type":"if","locations":[{"start":{"line":24,"column":1},"end":{"line":24,"column":80}},{"start":{},"end":{}}],"line":24}},"s":{"0":3,"1":3,"2":3,"3":3,"4":3,"5":3,"6":3,"7":3,"8":3,"9":0,"10":0,"11":3,"12":0,"13":0,"14":0,"15":0,"16":0,"17":0,"18":0,"19":0,"20":0,"21":0,"22":0,"23":0,"24":0,"25":0,"26":0,"27":0,"28":3},"f":{"0":0,"1":0},"b":{"0":[0,0],"1":[0,0],"2":[0,0],"3":[0,0]},"_coverageSchema":"1a1c01bbd47fc00a2c39e90264f33305004495a9","hash":"1422b6ee27cd457e345a4b42fca32b4278b8247a"}
,"C:\\Users\\johal\\OneDrive\\Desktop\\vidly\\routes\\returns.js": {"path":"C:\\Users\\johal\\OneDrive\\Desktop\\vidly\\routes\\returns.js","statementMap":{"0":{"start":{"line":1,"column":15},"end":{"line":1,"column":42}},"1":{"start":{"line":2,"column":11},"end":{"line":2,"column":40}},"2":{"start":{"line":3,"column":15},"end":{"line":3,"column":48}},"3":{"start":{"line":5,"column":16},"end":{"line":5,"column":34}},"4":{"start":{"line":6,"column":18},"end":{"line":6,"column":44}},"5":{"start":{"line":7,"column":15},"end":{"line":7,"column":31}},"6":{"start":{"line":8,"column":0},"end":{"line":18,"column":3}},"7":{"start":{"line":9,"column":13},"end":{"line":9,"column":70}},"8":{"start":{"line":10,"column":0},"end":{"line":10,"column":60}},"9":{"start":{"line":10,"column":12},"end":{"line":10,"column":60}},"10":{"start":{"line":11,"column":0},"end":{"line":11,"column":83}},"11":{"start":{"line":11,"column":24},"end":{"line":11,"column":83}},"12":{"start":{"line":12,"column":0},"end":{"line":12,"column":16}},"13":{"start":{"line":13,"column":0},"end":{"line":13,"column":20}},"14":{"start":{"line":14,"column":0},"end":{"line":16,"column":3}},"15":{"start":{"line":17,"column":0},"end":{"line":17,"column":24}},"16":{"start":{"line":20,"column":17},"end":{"line":23,"column":3}},"17":{"start":{"line":25,"column":2},"end":{"line":25,"column":37}},"18":{"start":{"line":27,"column":0},"end":{"line":27,"column":22}}},"fnMap":{"0":{"name":"(anonymous_0)","decl":{"start":{"line":8,"column":48},"end":{"line":8,"column":49}},"loc":{"start":{"line":8,"column":68},"end":{"line":18,"column":1}},"line":8},"1":{"name":"validateReturn","decl":{"start":{"line":19,"column":9},"end":{"line":19,"column":23}},"loc":{"start":{"line":19,"column":29},"end":{"line":26,"column":1}},"line":19}},"branchMap":{"0":{"loc":{"start":{"line":10,"column":0},"end":{"line":10,"column":60}},"type":"if","locations":[{"start":{"line":10,"column":0},"end":{"line":10,"column":60}},{"start":{},"end":{}}],"line":10},"1":{"loc":{"start":{"line":11,"column":0},"end":{"line":11,"column":83}},"type":"if","locations":[{"start":{"line":11,"column":0},"end":{"line":11,"column":83}},{"start":{},"end":{}}],"line":11}},"s":{"0":3,"1":3,"2":3,"3":3,"4":3,"5":3,"6":3,"7":0,"8":0,"9":0,"10":0,"11":0,"12":0,"13":0,"14":0,"15":0,"16":0,"17":0,"18":3},"f":{"0":0,"1":0},"b":{"0":[0,0],"1":[0,0]},"_coverageSchema":"1a1c01bbd47fc00a2c39e90264f33305004495a9","hash":"5e7ab4ce397edadbb354bed2319e224f9fe0d93d"}
,"C:\\Users\\johal\\OneDrive\\Desktop\\vidly\\routes\\users.js": {"path":"C:\\Users\\johal\\OneDrive\\Desktop\\vidly\\routes\\users.js","statementMap":{"0":{"start":{"line":1,"column":11},"end":{"line":1,"column":40}},"1":{"start":{"line":2,"column":13},"end":{"line":2,"column":30}},"2":{"start":{"line":3,"column":29},"end":{"line":3,"column":54}},"3":{"start":{"line":4,"column":8},"end":{"line":4,"column":25}},"4":{"start":{"line":5,"column":17},"end":{"line":5,"column":36}},"5":{"start":{"line":6,"column":16},"end":{"line":6,"column":34}},"6":{"start":{"line":7,"column":15},"end":{"line":7,"column":31}},"7":{"start":{"line":9,"column":0},"end":{"line":12,"column":3}},"8":{"start":{"line":10,"column":14},"end":{"line":10,"column":67}},"9":{"start":{"line":11,"column":3},"end":{"line":11,"column":18}},"10":{"start":{"line":14,"column":0},"end":{"line":27,"column":3}},"11":{"start":{"line":15,"column":20},"end":{"line":15,"column":42}},"12":{"start":{"line":16,"column":2},"end":{"line":16,"column":67}},"13":{"start":{"line":16,"column":13},"end":{"line":16,"column":67}},"14":{"start":{"line":17,"column":11},"end":{"line":17,"column":53}},"15":{"start":{"line":18,"column":2},"end":{"line":18,"column":64}},"16":{"start":{"line":18,"column":11},"end":{"line":18,"column":64}},"17":{"start":{"line":19,"column":3},"end":{"line":21,"column":6}},"18":{"start":{"line":22,"column":13},"end":{"line":22,"column":37}},"19":{"start":{"line":23,"column":2},"end":{"line":23,"column":54}},"20":{"start":{"line":24,"column":3},"end":{"line":24,"column":21}},"21":{"start":{"line":25,"column":14},"end":{"line":25,"column":38}},"22":{"start":{"line":26,"column":2},"end":{"line":26,"column":77}},"23":{"start":{"line":30,"column":0},"end":{"line":30,"column":24}}},"fnMap":{"0":{"name":"(anonymous_0)","decl":{"start":{"line":9,"column":22},"end":{"line":9,"column":23}},"loc":{"start":{"line":9,"column":38},"end":{"line":12,"column":1}},"line":9},"1":{"name":"(anonymous_1)","decl":{"start":{"line":14,"column":17},"end":{"line":14,"column":18}},"loc":{"start":{"line":14,"column":37},"end":{"line":27,"column":1}},"line":14}},"branchMap":{"0":{"loc":{"start":{"line":16,"column":2},"end":{"line":16,"column":67}},"type":"if","locations":[{"start":{"line":16,"column":2},"end":{"line":16,"column":67}},{"start":{},"end":{}}],"line":16},"1":{"loc":{"start":{"line":18,"column":2},"end":{"line":18,"column":64}},"type":"if","locations":[{"start":{"line":18,"column":2},"end":{"line":18,"column":64}},{"start":{},"end":{}}],"line":18}},"s":{"0":3,"1":3,"2":3,"3":3,"4":3,"5":3,"6":3,"7":3,"8":0,"9":0,"10":3,"11":0,"12":0,"13":0,"14":0,"15":0,"16":0,"17":0,"18":0,"19":0,"20":0,"21":0,"22":0,"23":3},"f":{"0":0,"1":0},"b":{"0":[0,0],"1":[0,0]},"_coverageSchema":"1a1c01bbd47fc00a2c39e90264f33305004495a9","hash":"a682c0ae3b1f5ddb60bad74154cb925b2bff5686"}
,"C:\\Users\\johal\\OneDrive\\Desktop\\vidly\\startup\\config.js": {"path":"C:\\Users\\johal\\OneDrive\\Desktop\\vidly\\startup\\config.js","statementMap":{"0":{"start":{"line":1,"column":13},"end":{"line":1,"column":30}},"1":{"start":{"line":2,"column":0},"end":{"line":6,"column":1}},"2":{"start":{"line":3,"column":2},"end":{"line":5,"column":3}},"3":{"start":{"line":4,"column":4},"end":{"line":4,"column":66}}},"fnMap":{"0":{"name":"(anonymous_0)","decl":{"start":{"line":2,"column":15},"end":{"line":2,"column":16}},"loc":{"start":{"line":2,"column":25},"end":{"line":6,"column":1}},"line":2}},"branchMap":{"0":{"loc":{"start":{"line":3,"column":2},"end":{"line":5,"column":3}},"type":"if","locations":[{"start":{"line":3,"column":2},"end":{"line":5,"column":3}},{"start":{},"end":{}}],"line":3}},"s":{"0":3,"1":3,"2":3,"3":0},"f":{"0":3},"b":{"0":[0,3]},"_coverageSchema":"1a1c01bbd47fc00a2c39e90264f33305004495a9","hash":"231c0bc081fcaa9f232445292b2bb4608c03e475"}
,"C:\\Users\\johal\\OneDrive\\Desktop\\vidly\\startup\\db.js": {"path":"C:\\Users\\johal\\OneDrive\\Desktop\\vidly\\startup\\db.js","statementMap":{"0":{"start":{"line":1,"column":14},"end":{"line":1,"column":32}},"1":{"start":{"line":2,"column":17},"end":{"line":2,"column":36}},"2":{"start":{"line":3,"column":13},"end":{"line":3,"column":30}},"3":{"start":{"line":4,"column":0},"end":{"line":8,"column":1}},"4":{"start":{"line":5,"column":11},"end":{"line":5,"column":27}},"5":{"start":{"line":6,"column":2},"end":{"line":7,"column":53}},"6":{"start":{"line":7,"column":14},"end":{"line":7,"column":51}}},"fnMap":{"0":{"name":"(anonymous_0)","decl":{"start":{"line":4,"column":15},"end":{"line":4,"column":16}},"loc":{"start":{"line":4,"column":25},"end":{"line":8,"column":1}},"line":4},"1":{"name":"(anonymous_1)","decl":{"start":{"line":7,"column":8},"end":{"line":7,"column":9}},"loc":{"start":{"line":7,"column":14},"end":{"line":7,"column":51}},"line":7}},"branchMap":{},"s":{"0":3,"1":3,"2":3,"3":3,"4":3,"5":3,"6":3},"f":{"0":3,"1":3},"b":{},"_coverageSchema":"1a1c01bbd47fc00a2c39e90264f33305004495a9","hash":"7b1ad391e79b8cdfc89714ac8beba80dce1653c7"}
,"C:\\Users\\johal\\OneDrive\\Desktop\\vidly\\startup\\logging.js": {"path":"C:\\Users\\johal\\OneDrive\\Desktop\\vidly\\startup\\logging.js","statementMap":{"0":{"start":{"line":1,"column":14},"end":{"line":1,"column":32}},"1":{"start":{"line":3,"column":0},"end":{"line":18,"column":1}},"2":{"start":{"line":8,"column":2},"end":{"line":8,"column":147}},"3":{"start":{"line":9,"column":2},"end":{"line":12,"column":5}},"4":{"start":{"line":11,"column":4},"end":{"line":11,"column":13}},"5":{"start":{"line":13,"column":2},"end":{"line":13,"column":64}}},"fnMap":{"0":{"name":"(anonymous_0)","decl":{"start":{"line":3,"column":15},"end":{"line":3,"column":16}},"loc":{"start":{"line":3,"column":25},"end":{"line":18,"column":1}},"line":3},"1":{"name":"(anonymous_1)","decl":{"start":{"line":9,"column":34},"end":{"line":9,"column":35}},"loc":{"start":{"line":9,"column":40},"end":{"line":12,"column":3}},"line":9}},"branchMap":{},"s":{"0":3,"1":3,"2":3,"3":3,"4":0,"5":3},"f":{"0":3,"1":0},"b":{},"_coverageSchema":"1a1c01bbd47fc00a2c39e90264f33305004495a9","hash":"e7076e84bf9d97d551b9431afe733aeb6c8234f3"}
,"C:\\Users\\johal\\OneDrive\\Desktop\\vidly\\startup\\routes.js": {"path":"C:\\Users\\johal\\OneDrive\\Desktop\\vidly\\startup\\routes.js","statementMap":{"0":{"start":{"line":1,"column":16},"end":{"line":1,"column":34}},"1":{"start":{"line":2,"column":15},"end":{"line":2,"column":42}},"2":{"start":{"line":3,"column":18},"end":{"line":3,"column":48}},"3":{"start":{"line":4,"column":15},"end":{"line":4,"column":42}},"4":{"start":{"line":5,"column":14},"end":{"line":5,"column":42}},"5":{"start":{"line":6,"column":12},"end":{"line":6,"column":38}},"6":{"start":{"line":7,"column":11},"end":{"line":7,"column":36}},"7":{"start":{"line":8,"column":10},"end":{"line":8,"column":40}},"8":{"start":{"line":9,"column":14},"end":{"line":9,"column":42}},"9":{"start":{"line":10,"column":0},"end":{"line":20,"column":1}},"10":{"start":{"line":11,"column":2},"end":{"line":11,"column":26}},"11":{"start":{"line":12,"column":2},"end":{"line":12,"column":33}},"12":{"start":{"line":13,"column":2},"end":{"line":13,"column":39}},"13":{"start":{"line":14,"column":2},"end":{"line":14,"column":33}},"14":{"start":{"line":15,"column":2},"end":{"line":15,"column":34}},"15":{"start":{"line":16,"column":2},"end":{"line":16,"column":30}},"16":{"start":{"line":17,"column":2},"end":{"line":17,"column":28}},"17":{"start":{"line":18,"column":2},"end":{"line":18,"column":34}},"18":{"start":{"line":19,"column":2},"end":{"line":19,"column":15}}},"fnMap":{"0":{"name":"(anonymous_0)","decl":{"start":{"line":10,"column":15},"end":{"line":10,"column":16}},"loc":{"start":{"line":10,"column":28},"end":{"line":20,"column":1}},"line":10}},"branchMap":{},"s":{"0":3,"1":3,"2":3,"3":3,"4":3,"5":3,"6":3,"7":3,"8":3,"9":3,"10":3,"11":3,"12":3,"13":3,"14":3,"15":3,"16":3,"17":3,"18":3},"f":{"0":3},"b":{},"_coverageSchema":"1a1c01bbd47fc00a2c39e90264f33305004495a9","hash":"19a3d6c23908a7185f89a40ecd7b811616416a83"}
,"C:\\Users\\johal\\OneDrive\\Desktop\\vidly\\startup\\validation.js": {"path":"C:\\Users\\johal\\OneDrive\\Desktop\\vidly\\startup\\validation.js","statementMap":{"0":{"start":{"line":1,"column":10},"end":{"line":1,"column":24}},"1":{"start":{"line":2,"column":0},"end":{"line":4,"column":1}},"2":{"start":{"line":3,"column":2},"end":{"line":3,"column":44}}},"fnMap":{"0":{"name":"(anonymous_0)","decl":{"start":{"line":2,"column":15},"end":{"line":2,"column":16}},"loc":{"start":{"line":2,"column":25},"end":{"line":4,"column":1}},"line":2}},"branchMap":{},"s":{"0":3,"1":3,"2":0},"f":{"0":0},"b":{},"_coverageSchema":"1a1c01bbd47fc00a2c39e90264f33305004495a9","hash":"9348454af1da9b0f615e5f3277ec254cf6b643f0"}
}
